This file contains any messages produced by compilers while
running configure, to aid debugging if configure makes a mistake.

It was created by pb175 configure 1.0, which was
generated by GNU Autoconf 2.71.  Invocation command line was

  $ ./configure --with-name=Filip --with-email=filpavlovic@gmail.com --with-password=balls

## --------- ##
## Platform. ##
## --------- ##

hostname = FilipPavlovic
uname -m = x86_64
uname -r = 5.15.146.1-microsoft-standard-WSL2
uname -s = Linux
uname -v = #1 SMP Thu Jan 11 04:09:03 UTC 2024

/usr/bin/uname -p = x86_64
/bin/uname -X     = unknown

/bin/arch              = x86_64
/usr/bin/arch -k       = unknown
/usr/convex/getsysinfo = unknown
/usr/bin/hostinfo      = unknown
/bin/machine           = unknown
/usr/bin/oslevel       = unknown
/bin/universe          = unknown

PATH: /home/wiesel/.cabal/bin/
PATH: /home/wiesel/.ghcup/bin/
PATH: /home/wiesel/.cargo/bin/
PATH: /usr/local/sbin/
PATH: /usr/local/bin/
PATH: /usr/sbin/
PATH: /usr/bin/
PATH: /sbin/
PATH: /bin/
PATH: /usr/games/
PATH: /usr/local/games/
PATH: /usr/lib/wsl/lib/
PATH: /mnt/c/Program Files/WindowsApps/MicrosoftCorporationII.WindowsSubsystemForLinux_2.1.5.0_x64__8wekyb3d8bbwe/
PATH: /mnt/c/Program Files/Python311/Scripts/
PATH: /mnt/c/Program Files/Python311/
PATH: /mnt/c/Program Files (x86)/Common Files/Oracle/Java/java8path/
PATH: /mnt/c/Program Files (x86)/Common Files/Oracle/Java/javapath/
PATH: /mnt/c/Windows/system32/
PATH: /mnt/c/Windows/
PATH: /mnt/c/Windows/System32/Wbem/
PATH: /mnt/c/Windows/System32/WindowsPowerShell/v1.0/
PATH: /mnt/c/Windows/System32/OpenSSH/
PATH: /mnt/c/Program Files (x86)/NVIDIA Corporation/PhysX/Common/
PATH: /mnt/c/Program Files/NVIDIA Corporation/NVIDIA NvDLISR/
PATH: /mnt/c/Program Files/Microsoft VS Code/bin/
PATH: /mnt/c/msys64/mingw64/bin/
PATH: /mnt/c/Users/filpa/AppData/Roaming/Python/Python310/Scripts/
PATH: /mnt/c/ghc-9.2.3/bin/
PATH: /mnt/c/WINDOWS/system32/
PATH: /mnt/c/WINDOWS/
PATH: /mnt/c/WINDOWS/System32/Wbem/
PATH: /mnt/c/WINDOWS/System32/WindowsPowerShell/v1.0/
PATH: /mnt/c/WINDOWS/System32/OpenSSH/
PATH: /mnt/c/Program Files (x86)/Windows Kits/10/Windows Performance Toolkit/
PATH: /mnt/c/Program Files (x86)/eID_klient/
PATH: /mnt/c/Program Files/dotnet/
PATH: /mnt/c/Program Files/Git/cmd/
PATH: /mnt/c/Program Files/CMake/bin/
PATH: /mnt/c/Users/filpa/AppData/Local/Programs/Python/Launcher/
PATH: /mnt/c/Users/filpa/scoop/apps/dotnet-sdk/current/
PATH: /mnt/c/Users/filpa/scoop/apps/gsudo/current/
PATH: /mnt/c/Users/filpa/scoop/apps/gcc/current/bin/
PATH: /mnt/c/Users/filpa/scoop/shims/
PATH: /mnt/c/Users/filpa/.cargo/bin/
PATH: /mnt/c/Users/filpa/AppData/Local/Microsoft/WindowsApps/
PATH: /mnt/c/Haskell/ghcup/bin/
PATH: /mnt/c/Users/filpa/.dotnet/tools/
PATH: /mnt/c/Users/filpa/AppData/Local/GitHubDesktop/bin/
PATH: /mnt/c/Program Files/Neovim/bin/
PATH: /usr/local/go/bin/
PATH: /home/wiesel/go/bin/


## ----------- ##
## Core tests. ##
## ----------- ##

configure:1727: looking for aux files: missing install-sh
configure:1740:  trying ./
configure:1769:   ./missing found
configure:1751:   ./install-sh found
configure:1898: checking for a BSD-compatible install
configure:1971: result: /usr/bin/install -c
configure:1982: checking whether build environment is sane
configure:2037: result: yes
configure:2196: checking for a race-free mkdir -p
configure:2240: result: /usr/bin/mkdir -p
configure:2247: checking for gawk
configure:2268: found /usr/bin/gawk
configure:2279: result: gawk
configure:2290: checking whether make sets $(MAKE)
configure:2313: result: yes
configure:2343: checking whether make supports nested variables
configure:2361: result: yes
configure:2499: checking for go
configure:2520: found /usr/local/go/bin/go
configure:2534: result: no
configure:2541: checking for templ
configure:2562: found /home/wiesel/go/bin/templ
configure:2576: result: no
configure:2760: checking that generated files are newer than configure
configure:2766: result: done
configure:2774: creating ./config.status

## ---------------------- ##
## Running config.status. ##
## ---------------------- ##

This file was extended by pb175 config.status 1.0, which was
generated by GNU Autoconf 2.71.  Invocation command line was

  CONFIG_FILES    = 
  CONFIG_HEADERS  = 
  CONFIG_LINKS    = 
  CONFIG_COMMANDS = 
  $ ./config.status 

on FilipPavlovic

config.status:746: creating bazos
config.status:746: creating Makefile

## ---------------- ##
## Cache variables. ##
## ---------------- ##

ac_cv_env_build_alias_set=
ac_cv_env_build_alias_value=
ac_cv_env_host_alias_set=
ac_cv_env_host_alias_value=
ac_cv_env_target_alias_set=
ac_cv_env_target_alias_value=
ac_cv_path_install='/usr/bin/install -c'
ac_cv_path_mkdir=/usr/bin/mkdir
ac_cv_prog_AWK=gawk
ac_cv_prog_GO=
ac_cv_prog_TEMPL=
ac_cv_prog_make_make_set=yes
am_cv_make_support_nested_variables=yes

## ----------------- ##
## Output variables. ##
## ----------------- ##

ACLOCAL='${SHELL} '\''/home/wiesel/muni/4/pb175/install/missing'\'' aclocal-1.16'
AMTAR='$${TAR-tar}'
AM_BACKSLASH='\'
AM_DEFAULT_V='$(AM_DEFAULT_VERBOSITY)'
AM_DEFAULT_VERBOSITY='1'
AM_V='$(V)'
AUTOCONF='${SHELL} '\''/home/wiesel/muni/4/pb175/install/missing'\'' autoconf'
AUTOHEADER='${SHELL} '\''/home/wiesel/muni/4/pb175/install/missing'\'' autoheader'
AUTOMAKE='${SHELL} '\''/home/wiesel/muni/4/pb175/install/missing'\'' automake-1.16'
AWK='gawk'
CSCOPE='cscope'
CTAGS='ctags'
CYGPATH_W='echo'
DEFS='-DPACKAGE_NAME=\"pb175\" -DPACKAGE_TARNAME=\"pb175\" -DPACKAGE_VERSION=\"1.0\" -DPACKAGE_STRING=\"pb175\ 1.0\" -DPACKAGE_BUGREPORT=\"536388@mail.muni.cz\" -DPACKAGE_URL=\"\" -DPACKAGE=\"pb175\" -DVERSION=\"1.0\"'
ECHO_C=''
ECHO_N='-n'
ECHO_T=''
ETAGS='etags'
GO=''
INSTALL_DATA='${INSTALL} -m 644'
INSTALL_PROGRAM='${INSTALL}'
INSTALL_SCRIPT='${INSTALL}'
INSTALL_STRIP_PROGRAM='$(install_sh) -c -s'
LIBOBJS=''
LIBS=''
LTLIBOBJS=''
MAKEINFO='${SHELL} '\''/home/wiesel/muni/4/pb175/install/missing'\'' makeinfo'
MKDIR_P='/usr/bin/mkdir -p'
PACKAGE='pb175'
PACKAGE_BUGREPORT='536388@mail.muni.cz'
PACKAGE_NAME='pb175'
PACKAGE_STRING='pb175 1.0'
PACKAGE_TARNAME='pb175'
PACKAGE_URL=''
PACKAGE_VERSION='1.0'
PATH_SEPARATOR=':'
PREFIX=''
SET_MAKE=''
SHELL='/bin/bash'
STRIP=''
TEMPL=''
VERSION='1.0'
am__isrc=''
am__leading_dot='.'
am__tar='$${TAR-tar} chof - "$$tardir"'
am__untar='$${TAR-tar} xf -'
bindir='${exec_prefix}/bin'
build_alias=''
datadir='${datarootdir}'
datarootdir='${prefix}/share'
docdir='${datarootdir}/doc/${PACKAGE_TARNAME}'
dvidir='${docdir}'
email='filpavlovic@gmail.com'
exec_prefix='${prefix}'
host_alias=''
htmldir='${docdir}'
includedir='${prefix}/include'
infodir='${datarootdir}/info'
install_sh='${SHELL} /home/wiesel/muni/4/pb175/install/install-sh'
libdir='${exec_prefix}/lib'
libexecdir='${exec_prefix}/libexec'
localedir='${datarootdir}/locale'
localstatedir='${prefix}/var'
mandir='${datarootdir}/man'
mkdir_p='$(MKDIR_P)'
name='Filip'
oldincludedir='/usr/include'
password='balls'
pdfdir='${docdir}'
prefix='.'
program_transform_name='s,x,x,'
psdir='${docdir}'
runstatedir='${localstatedir}/run'
sbindir='${exec_prefix}/sbin'
sharedstatedir='${prefix}/com'
sysconfdir='${prefix}/etc'
target_alias=''

## ----------- ##
## confdefs.h. ##
## ----------- ##

/* confdefs.h */
#define PACKAGE_NAME "pb175"
#define PACKAGE_TARNAME "pb175"
#define PACKAGE_VERSION "1.0"
#define PACKAGE_STRING "pb175 1.0"
#define PACKAGE_BUGREPORT "536388@mail.muni.cz"
#define PACKAGE_URL ""
#define PACKAGE "pb175"
#define VERSION "1.0"

configure: exit 0
